<?xml version="1.0" encoding="UTF-8"?>
<!-- Generated by org.testng.reporters.JUnitXMLReporter -->
<testsuite ignored="0" hostname="MAVPUN0522031" failures="0" tests="3" name="SmokeTest" time="0.084" errors="0" timestamp="2024-06-18T18:17:01 IST">
  <testcase classname="com.maveric.project.suite.SampleTest1" name="Test1" time="0.006"/>
  <testcase classname="com.maveric.project.suite.SampleTest1" name="Test2" time="0.002"/>
  <testcase classname="com.maveric.project.suite.SampleTest2" name="f" time="0.001"/>
</testsuite> <!-- SmokeTest -->
