<?xml version="1.0" encoding="UTF-8"?>
<testng-results ignored="0" total="4" passed="4" failed="0" skipped="0">
  <reporter-output>
  </reporter-output>
  <suite started-at="2024-06-18T18:17:01 IST" name="AppSuite" finished-at="2024-06-18T18:17:01 IST" duration-ms="257">
    <groups>
    </groups>
    <test started-at="2024-06-18T18:17:01 IST" name="SmokeTest" finished-at="2024-06-18T18:17:01 IST" duration-ms="84">
      <class name="com.maveric.project.suite.SampleTest2">
        <test-method signature="f()[pri:0, instance:com.maveric.project.suite.SampleTest2@61001b64]" started-at="2024-06-18T18:17:01 IST" name="f" finished-at="2024-06-18T18:17:01 IST" duration-ms="1" status="PASS">
          <reporter-output>
          </reporter-output>
        </test-method> <!-- f -->
      </class> <!-- com.maveric.project.suite.SampleTest2 -->
      <class name="com.maveric.project.suite.SampleTest1">
        <test-method is-config="true" signature="sampleTest1BeforeTest()[pri:0, instance:com.maveric.project.suite.SampleTest1@201a4587]" started-at="2024-06-18T18:17:01 IST" name="sampleTest1BeforeTest" finished-at="2024-06-18T18:17:01 IST" duration-ms="1" status="PASS">
          <reporter-output>
          </reporter-output>
        </test-method> <!-- sampleTest1BeforeTest -->
        <test-method is-config="true" signature="sampleTest1BeforeClass()[pri:0, instance:com.maveric.project.suite.SampleTest1@201a4587]" started-at="2024-06-18T18:17:01 IST" name="sampleTest1BeforeClass" finished-at="2024-06-18T18:17:01 IST" duration-ms="1" status="PASS">
          <reporter-output>
          </reporter-output>
        </test-method> <!-- sampleTest1BeforeClass -->
        <test-method is-config="true" signature="sampleTest1BeforeMethod()[pri:0, instance:com.maveric.project.suite.SampleTest1@201a4587]" started-at="2024-06-18T18:17:01 IST" name="sampleTest1BeforeMethod" finished-at="2024-06-18T18:17:01 IST" duration-ms="1" status="PASS">
          <reporter-output>
          </reporter-output>
        </test-method> <!-- sampleTest1BeforeMethod -->
        <test-method signature="Test1()[pri:0, instance:com.maveric.project.suite.SampleTest1@201a4587]" started-at="2024-06-18T18:17:01 IST" name="Test1" finished-at="2024-06-18T18:17:01 IST" duration-ms="6" status="PASS">
          <reporter-output>
          </reporter-output>
        </test-method> <!-- Test1 -->
        <test-method is-config="true" signature="sampleTest1AfterMethod()[pri:0, instance:com.maveric.project.suite.SampleTest1@201a4587]" started-at="2024-06-18T18:17:01 IST" name="sampleTest1AfterMethod" finished-at="2024-06-18T18:17:01 IST" duration-ms="0" status="PASS">
          <reporter-output>
          </reporter-output>
        </test-method> <!-- sampleTest1AfterMethod -->
        <test-method is-config="true" signature="sampleTest1BeforeMethod()[pri:0, instance:com.maveric.project.suite.SampleTest1@201a4587]" started-at="2024-06-18T18:17:01 IST" name="sampleTest1BeforeMethod" finished-at="2024-06-18T18:17:01 IST" duration-ms="1" status="PASS">
          <reporter-output>
          </reporter-output>
        </test-method> <!-- sampleTest1BeforeMethod -->
        <test-method signature="Test2()[pri:0, instance:com.maveric.project.suite.SampleTest1@201a4587]" started-at="2024-06-18T18:17:01 IST" name="Test2" finished-at="2024-06-18T18:17:01 IST" duration-ms="2" status="PASS">
          <reporter-output>
          </reporter-output>
        </test-method> <!-- Test2 -->
        <test-method is-config="true" signature="sampleTest1AfterMethod()[pri:0, instance:com.maveric.project.suite.SampleTest1@201a4587]" started-at="2024-06-18T18:17:01 IST" name="sampleTest1AfterMethod" finished-at="2024-06-18T18:17:01 IST" duration-ms="1" status="PASS">
          <reporter-output>
          </reporter-output>
        </test-method> <!-- sampleTest1AfterMethod -->
        <test-method is-config="true" signature="sampleTest1AfterClassClass()[pri:0, instance:com.maveric.project.suite.SampleTest1@201a4587]" started-at="2024-06-18T18:17:01 IST" name="sampleTest1AfterClassClass" finished-at="2024-06-18T18:17:01 IST" duration-ms="1" status="PASS">
          <reporter-output>
          </reporter-output>
        </test-method> <!-- sampleTest1AfterClassClass -->
        <test-method is-config="true" signature="sampleTest1AfterTest()[pri:0, instance:com.maveric.project.suite.SampleTest1@201a4587]" started-at="2024-06-18T18:17:01 IST" name="sampleTest1AfterTest" finished-at="2024-06-18T18:17:01 IST" duration-ms="1" status="PASS">
          <reporter-output>
          </reporter-output>
        </test-method> <!-- sampleTest1AfterTest -->
      </class> <!-- com.maveric.project.suite.SampleTest1 -->
    </test> <!-- SmokeTest -->
    <test started-at="2024-06-18T18:17:01 IST" name="EntToEnd" finished-at="2024-06-18T18:17:01 IST" duration-ms="8">
      <class name="com.maveric.project.suite.SampleTest3">
        <test-method signature="f()[pri:0, instance:com.maveric.project.suite.SampleTest3@791f145a]" started-at="2024-06-18T18:17:01 IST" name="f" finished-at="2024-06-18T18:17:01 IST" duration-ms="2" status="PASS">
          <reporter-output>
          </reporter-output>
        </test-method> <!-- f -->
      </class> <!-- com.maveric.project.suite.SampleTest3 -->
      <class name="com.maveric.project.suite.TestSuite">
        <test-method is-config="true" signature="beforeSuite()[pri:0, instance:com.maveric.project.suite.TestSuite@32502377]" started-at="2024-06-18T18:17:01 IST" name="beforeSuite" finished-at="2024-06-18T18:17:01 IST" duration-ms="26" status="PASS">
          <reporter-output>
          </reporter-output>
        </test-method> <!-- beforeSuite -->
        <test-method is-config="true" signature="afterSuite()[pri:0, instance:com.maveric.project.suite.TestSuite@32502377]" started-at="2024-06-18T18:17:01 IST" name="afterSuite" finished-at="2024-06-18T18:17:01 IST" duration-ms="0" status="PASS">
          <reporter-output>
          </reporter-output>
        </test-method> <!-- afterSuite -->
      </class> <!-- com.maveric.project.suite.TestSuite -->
    </test> <!-- EntToEnd -->
  </suite> <!-- AppSuite -->
</testng-results>
